{"message":"Server is listening to 4000","level":"info"}
{"message":"Server is listening to 4000","level":"info"}
{"message":"Server is listening to 4000","level":"info"}
{"message":"Server is listening to 4000","level":"info"}
{"message":"Server is listening to 4000","level":"info"}
{"message":"Server is listening to 4000","level":"info"}
{"message":"Server is listening to 4000","level":"info"}
{"message":"Server is listening to 4000","level":"info"}
{"message":{"code":"class Main \r\n{ \r\n    // Your program begins with a call to main(). \r\n    // Prints \"Hello, World\" to the terminal window. \r\n    public static void main(String args[]) \r\n    { \r\n        System.out.println(\"Hello, World\"); \r\n    } \r\n} ","input":"","inputRadio":"false","lang":"Java"},"level":"info"}
{"message":"Server is listening to 4000","level":"info"}
{"message":{"code":"class Main \r\n{ \r\n    // Your program begins with a call to main(). \r\n    // Prints \"Hello, World\" to the terminal window. \r\n    public static void main(String args[]) \r\n    { \r\n        System.out.println(\"Hello, World\"); \r\n    } \r\n} ","input":"","inputRadio":"false","lang":"Java"},"level":"info"}
{"message":"Server is listening to 4000","level":"info"}
{"message":{"code":"class Main \r\n{ \r\n    // Your program begins with a call to main(). \r\n    // Prints \"Hello, World\" to the terminal window. \r\n    public static void main(String args[]) \r\n    { \r\n        System.out.println(\"Hello, World\"); \r\n    } \r\n} ","input":"","inputRadio":"false","lang":"Java"},"level":"info"}
{"message":"Server is listening to 4000","level":"info"}
{"message":{"code":"class Main \r\n{ \r\n    // Your program begins with a call to main(). \r\n    // Prints \"Hello, World\" to the terminal window. \r\n    public static void main(String args[]) \r\n    { \r\n        System.out.println(\"Hello, World\"); \r\n    } \r\n} ","input":"","inputRadio":"false","lang":"Java"},"level":"info"}
{"message":"Server is listening to 4000","level":"info"}
{"message":{"code":"class Main \r\n{ \r\n    // Your program begins with a call to main(). \r\n    // Prints \"Hello, World\" to the terminal window. \r\n    public static void main(String args[]) \r\n    { \r\n        System.out.println(\"Hello, World\"); \r\n    } \r\n} ","input":"","inputRadio":"false","lang":"Java"},"level":"info"}
{"message":"Server is listening to 4000","level":"info"}
{"message":{"code":"class Main \r\n{ \r\n    // Your program begins with a call to main(). \r\n    // Prints \"Hello, World\" to the terminal window. \r\n    public static void main(String args[]) \r\n    { \r\n        System.out.println(\"Hello, World\"); \r\n    } \r\n} ","input":"","inputRadio":"false","lang":"Java"},"level":"info"}
{"message":"Server is listening to 4000","level":"info"}
{"message":{"code":"class Main \r\n{ \r\n    // Your program begins with a call to main(). \r\n    // Prints \"Hello, World\" to the terminal window. \r\n    public static void main(String args[]) \r\n    { \r\n        System.out.println(\"Hello, World\"); \r\n    } \r\n} ","input":"","inputRadio":"false","lang":"Java"},"level":"info"}
{"message":"Server is listening to 4000","level":"info"}
{"message":{"code":"class Main \r\n{ \r\n    // Your program begins with a call to main(). \r\n    // Prints \"Hello, World\" to the terminal window. \r\n    public static void main(String args[]) \r\n    { \r\n        System.out.println(\"Hello, World\"); \r\n    } \r\n} ","input":"","inputRadio":"false","lang":"Java"},"level":"info"}
{"message":{"code":"class Main \r\n{ \r\n    // Your program begins with a call to main(). \r\n    // Prints \"Hello, World\" to the terminal window. \r\n    public static void main(String args[]) \r\n    { \r\n        System.out.println(\"Hello, World\"); \r\n    } \r\n} ","input":"","inputRadio":"false","lang":"Java"},"level":"info"}
{"message":"Server is listening to 4000","level":"info"}
{"message":"Server is listening to 4000","level":"info"}
{"message":{"code":"class Main \r\n{ \r\n    // Your program begins with a call to main(). \r\n    // Prints \"Hello, World\" to the terminal window. \r\n    public static void main(String args[]) \r\n    { \r\n        System.out.println(\"Hello, World\"); \r\n    } \r\n} ","input":"","inputRadio":"false","lang":"Java"},"level":"info"}
{"message":"Server is listening to 4000","level":"info"}
{"message":"Server is listening to 4000","level":"info"}
{"message":"Server is listening to 4000","level":"info"}
{"message":"Server is listening to 4000","level":"info"}
{"message":"Server is listening to 4000","level":"info"}
{"message":"Server is listening to 4000","level":"info"}
{"message":"Server is listening to 4000","level":"info"}
{"message":"Server is listening to 4000","level":"info"}
{"message":"Server is listening to 4000","level":"info"}
{"message":"Server is listening to 4000","level":"info"}
{"message":"Server is listening to 4000","level":"info"}
{"message":"Java","level":"info"}
{"message":"Server is listening to 4000","level":"info"}
{"message":"Java false","level":"info"}
{"message":"Server is listening to 4000","level":"info"}
{"message":"Java false","level":"info"}
{"message":"Server is listening to 4000","level":"info"}
{"message":"Server is listening to 4000","level":"info"}
{"message":"Java false","level":"info"}
{"message":" in services if block","level":"info"}
{"level":"info","message":"the path is "}
{"message":"Error: ENOENT: no such file or directory, mkdir 'temp/mh027hq'","level":"warn"}
{"message":"Server is listening to 4000","level":"info"}
{"message":"Java false","level":"info"}
{"message":" in services if block","level":"info"}
{"message":"path is temp/aa0779l","level":"info"}
{"message":"Error: ENOENT: no such file or directory, mkdir 'temp/aa0779l'","level":"warn"}
{"message":"Java false","level":"info"}
{"message":" in services if block","level":"info"}
{"message":"path is temp/vm177po","level":"info"}
{"message":"Error: ENOENT: no such file or directory, mkdir 'temp/vm177po'","level":"warn"}
{"message":"Server is listening to 4000","level":"info"}
{"message":"Server is listening to 4000","level":"info"}
{"message":"Server is listening to 4000","level":"info"}
{"message":"Java false","level":"info"}
{"message":" in services if block","level":"info"}
{"message":"path is temp/yn0g7r7","level":"info"}
{"message":"Main.java created successfully","level":"info"}
{"message":"compiled a java file successfully","level":"info"}
{"message":"undefinedtemp/yn0g7r7/Main.java successfully compiled and executed !","level":"info"}
{"output":"Hello, World\n","level":"info","message":"output"}
{"message":{"output":"Hello, World\n"},"level":"info"}
{"message":"Server is listening to 4000","level":"info"}
{"message":"Server is listening to 4000","level":"info"}
{"message":"Server is listening to 4000","level":"info"}
{"message":"Server is listening to 4000","level":"info"}
{"message":"Server is listening to 4000","level":"info"}
{"message":"Server is listening to 4000","level":"info"}
{"message":"NODE false","level":"info"}
{"message":" in services if block","level":"info"}
{"message":{"error":""},"level":"info"}
{"message":"Server is listening to 4000","level":"info"}
{"message":"Server is listening to 4000","level":"info"}
{"message":"Server is listening to 4000","level":"info"}
{"message":"NODE false","level":"info"}
{"message":" in services if block","level":"info"}
{"message":{"error":""},"level":"info"}
{"message":"Server is listening to 4000","level":"info"}
{"message":"Server is listening to 4000","level":"info"}
{"message":"NODE false","level":"info"}
{"message":" in services if block","level":"info"}
{"message":{"output":"heyyyy\n"},"level":"info"}
{"message":"Server is listening to 4000","level":"info"}
{"message":"NODE false","level":"info"}
{"message":" in services if block","level":"info"}
{"message":"INFO: i10b7w5.js created","level":"info"}
{"message":"Server is listening to 4000","level":"info"}
{"message":"NODE false","level":"info"}
{"message":" in services if block","level":"info"}
{"message":"INFO: qt0f79x.js created","level":"info"}
{"message":"Server is listening to 4000","level":"info"}
{"message":"NODE false","level":"info"}
{"message":" in services if block","level":"info"}
{"message":"INFO: 6n0h7p9.js created","level":"info"}
{"message":"INFO: 6n0h7p9.js successfully executed !","level":"info"}
{"message":{"output":"10\n"},"level":"info"}
